<?xml version="1.0" encoding="UTF-8"?>
<testng-results ignored="0" total="1" passed="1" failed="0" skipped="0">
  <reporter-output>
  </reporter-output>
  <suite started-at="2025-04-13T20:17:22 IST" name="GoogleSearchSuite" finished-at="2025-04-13T20:17:48 IST" duration-ms="25944">
    <groups>
    </groups>
    <test started-at="2025-04-13T20:17:22 IST" name="GoogleSearchTest" finished-at="2025-04-13T20:17:48 IST" duration-ms="25944">
      <class name="com.exm.GoogleSearchTest">
        <test-method is-config="true" signature="setUp()[pri:0, instance:com.exm.GoogleSearchTest@1aafa419]" started-at="2025-04-13T20:17:22 IST" name="setUp" finished-at="2025-04-13T20:17:23 IST" duration-ms="1369" status="PASS">
          <reporter-output>
          </reporter-output>
        </test-method> <!-- setUp -->
        <test-method signature="testGoogleSearch()[pri:0, instance:com.exm.GoogleSearchTest@1aafa419]" started-at="2025-04-13T20:17:23 IST" name="testGoogleSearch" finished-at="2025-04-13T20:17:47 IST" duration-ms="24222" status="PASS">
          <reporter-output>
          </reporter-output>
        </test-method> <!-- testGoogleSearch -->
        <test-method is-config="true" signature="tearDown()[pri:0, instance:com.exm.GoogleSearchTest@1aafa419]" started-at="2025-04-13T20:17:47 IST" name="tearDown" finished-at="2025-04-13T20:17:48 IST" duration-ms="317" status="PASS">
          <reporter-output>
          </reporter-output>
        </test-method> <!-- tearDown -->
      </class> <!-- com.exm.GoogleSearchTest -->
    </test> <!-- GoogleSearchTest -->
  </suite> <!-- GoogleSearchSuite -->
</testng-results>
